This is cutadapt 3.4 with Python 3.9.2
Command line parameters: --cores 5 -a ^CAGTGATAGAGATACTGGGAGCTA...GTTTTAGAGCTAGAAATAGCAAGTTAAAATAAGGC -e 0.1 -o BG11_control_t0_r1_T1.trim.fastq.gz BG11_control_t0_r1_T1_trimmed.fq.gz
Processing reads on 5 cores in single-end mode ...
Finished in 76.28 s (9 µs/read; 6.61 M reads/minute).

=== Summary ===

Total reads processed:               8,400,482
Reads with adapters:                 8,376,041 (99.7%)
Reads written (passing filters):     8,400,482 (100.0%)

Total basepairs processed:   658,580,016 bp
Total written (filtered):    170,677,818 bp (25.9%)

=== Adapter 3 ===

Sequence: CAGTGATAGAGATACTGGGAGCTA...GTTTTAGAGCTAGAAATAGCAAGTTAAAATAAGGC; Type: linked; Length: 24+35; 5' trimmed: 8376041 times; 3' trimmed: 8235861 times


No. of allowed errors: 2

No. of allowed errors:
1-9 bp: 0; 10-19 bp: 1; 20-29 bp: 2; 30-35 bp: 3

Overview of removed sequences at 5' end
length	count	expect	max.err	error counts
22	55814	0.0	2	0 0 55814
23	569493	0.0	2	0 555556 13937
24	7711733	0.0	2	7562264 143754 5715
25	28506	0.0	2	0 27393 1113
26	10495	0.0	2	0 0 10495



Overview of removed sequences at 3' end
length	count	expect	max.err	error counts
3	1404	131257.5	0	1404
4	1381	32814.4	0	1381
5	1407	8203.6	0	1407
6	348	2050.9	0	348
7	35	512.7	0	35
8	24	128.2	0	24
9	18	32.0	0	14 4
10	55	8.0	1	12 43
11	50	2.0	1	44 6
12	2	0.5	1	2
14	27	0.0	1	25 2
15	6	0.0	1	6
16	20	0.0	1	6 14
17	64	0.0	1	32 32
18	173	0.0	1	52 120 1
19	7	0.0	1	3 4
20	32	0.0	2	20 11 1
21	46	0.0	2	35 8 3
22	23	0.0	2	10 4 9
23	32	0.0	2	9 12 11
24	44	0.0	2	10 26 8
25	100	0.0	2	37 18 45
26	258	0.0	2	135 77 46
27	109	0.0	2	39 42 27 1
28	274	0.0	2	41 136 83 14
29	3181	0.0	2	1420 837 651 273
30	3337	0.0	3	1720 775 482 360
31	4614	0.0	3	1043 1359 1264 948
32	25760	0.0	3	5535 5245 3773 11207
33	109817	0.0	3	14908 13045 74439 7425
34	813444	0.0	3	60122 705879 38833 8610
35	7236192	0.0	3	6714203 451943 56327 13719
36	14854	0.0	3	1153 11830 1546 325
37	231	0.0	3	114 16 56 45
38	84	0.0	3	6 10 17 51
39	59	0.0	3	10 11 18 20
40	24	0.0	3	7 4 4 9
41	24	0.0	3	9 3 7 5
42	19	0.0	3	4 2 4 9
43	159	0.0	3	16 37 36 70
44	99	0.0	3	15 17 30 37
45	16	0.0	3	8 3 2 3
46	19	0.0	3	10 2 2 5
47	15	0.0	3	6 1 4 4
48	19	0.0	3	7 2 5 5
49	38	0.0	3	8 3 9 18
50	40	0.0	3	9 3 11 17
51	89	0.0	3	7 21 26 35
52	114	0.0	3	8 19 38 49
53	27	0.0	3	4 0 12 11
54	20	0.0	3	1 0 8 11
55	26	0.0	3	4 3 6 13
56	80	0.0	3	4 15 24 37
57	32	0.0	3	2 3 3 24
58	107	0.0	3	9 20 28 50
59	243	0.0	3	30 53 60 100
60	313	0.0	3	26 60 97 130
61	204	0.0	3	43 34 54 73
62	749	0.0	3	87 139 241 282
63	906	0.0	3	109 191 280 326
64	1451	0.0	3	266 297 442 446
65	1994	0.0	3	916 248 409 421
66	2271	0.0	3	432 372 726 741
67	2478	0.0	3	601 453 706 718
68	2376	0.0	3	814 380 529 653
69	2186	0.0	3	705 255 488 738
70	1766	0.0	3	495 260 536 475
71	342	0.0	3	129 46 80 87
72	93	0.0	3	48 10 21 14
73	7	0.0	3	1 3 2 1
74	1	0.0	3	0 0 0 1
79	1	0.0	3	0 0 0 1
80	1	0.0	3	0 0 0 1
