This is cutadapt 3.4 with Python 3.9.2
Command line parameters: --cores 5 -a ^CAGTGATAGAGATACTGGGAGCTA...GTTTTAGAGCTAGAAATAGCAAGTTAAAATAAGGC -e 0.1 -o Lys_t8_r1_T1.trim.fastq.gz Lys_t8_r1_T1_trimmed.fq.gz
Processing reads on 5 cores in single-end mode ...
Finished in 58.53 s (7 µs/read; 9.09 M reads/minute).

=== Summary ===

Total reads processed:               8,865,993
Reads with adapters:                 8,842,472 (99.7%)
Reads written (passing filters):     8,865,993 (100.0%)

Total basepairs processed:   693,749,514 bp
Total written (filtered):    179,160,514 bp (25.8%)

=== Adapter 3 ===

Sequence: CAGTGATAGAGATACTGGGAGCTA...GTTTTAGAGCTAGAAATAGCAAGTTAAAATAAGGC; Type: linked; Length: 24+35; 5' trimmed: 8842472 times; 3' trimmed: 8675153 times


No. of allowed errors: 2

No. of allowed errors:
1-9 bp: 0; 10-19 bp: 1; 20-29 bp: 2; 30-35 bp: 3

Overview of removed sequences at 5' end
length	count	expect	max.err	error counts
22	54962	0.0	2	0 0 54962
23	572515	0.0	2	0 559602 12913
24	8182020	0.0	2	8044572 132726 4722
25	18991	0.0	2	0 18293 698
26	13984	0.0	2	0 0 13984



Overview of removed sequences at 3' end
length	count	expect	max.err	error counts
3	811	138531.1	0	811
4	1223	34632.8	0	1223
5	1150	8658.2	0	1150
6	647	2164.5	0	647
7	26	541.1	0	26
8	47	135.3	0	47
9	82	33.8	0	77 5
10	45	8.5	1	11 34
11	24	2.1	1	18 6
12	5	0.5	1	0 5
13	2	0.1	1	1 1
14	5	0.0	1	1 4
15	13	0.0	1	4 9
16	50	0.0	1	8 42
17	55	0.0	1	25 30
18	306	0.0	1	108 198
19	12	0.0	1	6 6
20	27	0.0	2	15 5 7
21	39	0.0	2	31 6 2
22	30	0.0	2	13 13 4
23	21	0.0	2	9 7 5
24	45	0.0	2	9 21 15
25	100	0.0	2	38 19 43
26	299	0.0	2	152 89 58
27	83	0.0	2	31 22 29 1
28	345	0.0	2	49 155 128 13
29	5146	0.0	2	2467 1388 915 376
30	3640	0.0	3	1824 913 479 424
31	6422	0.0	3	1577 2020 1604 1221
32	30932	0.0	3	8877 8003 5255 8797
33	94112	0.0	3	21981 17716 45808 8607
34	706774	0.0	3	95933 566736 36359 7746
35	7791076	0.0	3	7349492 385718 42036 13830
36	12532	0.0	3	1224 10024 1032 252
37	238	0.0	3	121 16 67 34
38	62	0.0	3	7 4 9 42
39	60	0.0	3	12 7 11 30
40	35	0.0	3	21 4 3 7
41	21	0.0	3	6 3 3 9
42	21	0.0	3	3 4 5 9
43	128	0.0	3	20 31 25 52
44	124	0.0	3	15 23 34 52
45	27	0.0	3	7 2 6 12
46	27	0.0	3	4 4 7 12
47	11	0.0	3	2 1 1 7
48	20	0.0	3	7 1 8 4
49	33	0.0	3	3 6 12 12
50	59	0.0	3	3 9 17 30
51	80	0.0	3	7 17 22 34
52	144	0.0	3	10 26 45 63
53	43	0.0	3	7 6 11 19
54	46	0.0	3	6 5 18 17
55	30	0.0	3	4 4 3 19
56	72	0.0	3	7 9 27 29
57	22	0.0	3	2 3 9 8
58	103	0.0	3	9 16 34 44
59	327	0.0	3	13 51 112 151
60	312	0.0	3	19 58 91 144
61	192	0.0	3	48 30 45 69
62	1030	0.0	3	97 173 323 437
63	1038	0.0	3	116 197 303 422
64	2094	0.0	3	324 368 624 778
65	1570	0.0	3	549 230 355 436
66	2219	0.0	3	350 402 717 750
67	2980	0.0	3	587 510 790 1093
68	2254	0.0	3	537 335 530 852
69	2043	0.0	3	486 338 512 707
70	1312	0.0	3	373 187 371 381
71	174	0.0	3	77 20 30 47
72	63	0.0	3	18 10 17 18
73	8	0.0	3	2 0 2 4
74	1	0.0	3	0 0 0 1
75	1	0.0	3	0 0 0 1
77	2	0.0	3	0 1 0 1
80	1	0.0	3	0 1
