[2024-01-12 01:06:11,778] multiqc                                            [DEBUG  ]  This is MultiQC v1.14
[2024-01-12 01:06:11,785] multiqc                                            [DEBUG  ]  Loading config settings from: multiqc_config.yml
[2024-01-12 01:06:11,785] multiqc                                            [DEBUG  ]  New config: {'report_comment': 'This report has been generated by the <a href="https://github.com/nf-core/crispriscreen" target="_blank">nf-core/crispriscreen</a> analysis pipeline. For information about how to interpret these results, please see the <a href="https://nf-co.re/crispriscreen" target="_blank">documentation</a>.\n', 'report_section_order': {'nf-core-crispriscreen-methods-description': {'order': -1000}, 'software_versions': {'order': -1001}, 'nf-core-crispriscreen-summary': {'order': -1002}}, 'export_plots': True}
[2024-01-12 01:06:11,787] multiqc                                            [DEBUG  ]  Loading config settings from: multiqc_config.yml
[2024-01-12 01:06:11,787] multiqc                                            [DEBUG  ]  New config: {'report_comment': 'This report has been generated by the <a href="https://github.com/nf-core/crispriscreen" target="_blank">nf-core/crispriscreen</a> analysis pipeline. For information about how to interpret these results, please see the <a href="https://nf-co.re/crispriscreen" target="_blank">documentation</a>.\n', 'report_section_order': {'nf-core-crispriscreen-methods-description': {'order': -1000}, 'software_versions': {'order': -1001}, 'nf-core-crispriscreen-summary': {'order': -1002}}, 'export_plots': True}
[2024-01-12 01:06:11,787] multiqc                                            [DEBUG  ]  Command used: /usr/local/bin/multiqc --force --config multiqc_config.yml .
[2024-01-12 01:06:12,414] multiqc                                            [WARNING]  MultiQC Version v1.19 now available!
[2024-01-12 01:06:12,414] multiqc                                            [DEBUG  ]  Working dir : /home/ute/Documents/bioinformatic_analyses/2024-01_Lys/work/80/3badfaf90d4540b3da7890731f952b
[2024-01-12 01:06:12,414] multiqc                                            [DEBUG  ]  Template    : default
[2024-01-12 01:06:12,414] multiqc                                            [DEBUG  ]  Running Python 3.11.0 | packaged by conda-forge | (main, Oct 25 2022, 06:24:40) [GCC 10.4.0]
[2024-01-12 01:06:12,415] multiqc                                            [DEBUG  ]  Analysing modules: custom_content, ccs, ngsderive, purple, conpair, lima, peddy, somalier, methylQA, mosdepth, phantompeakqualtools, qualimap, preseq, hifiasm, quast, qorts, rna_seqc, rockhopper, rsem, rseqc, busco, bustools, goleft_indexcov, gffcompare, disambiguate, supernova, deeptools, sargasso, verifybamid, mirtrace, happy, mirtop, sambamba, gopeaks, homer, hops, macs2, theta2, snpeff, gatk, htseq, bcftools, featureCounts, fgbio, dragen, dragen_fastqc, dedup, pbmarkdup, damageprofiler, biobambam2, jcvi, mtnucratio, picard, vep, sentieon, prokka, qc3C, nanostat, samblaster, samtools, sexdeterrmine, eigenstratdatabasetools, bamtools, jellyfish, vcftools, longranger, stacks, varscan2, snippy, umitools, bbmap, bismark, biscuit, diamond, hicexplorer, hicup, hicpro, salmon, kallisto, slamdunk, star, hisat2, tophat, bowtie2, bowtie1, cellranger, snpsplit, odgi, pangolin, nextclade, humid, kat, leehom, adapterRemoval, bbduk, clipandmerge, cutadapt, flexbar, kaiju, kraken, malt, motus, trimmomatic, sickle, skewer, sortmerna, biobloomtools, fastq_screen, afterqc, fastp, fastqc, filtlong, prinseqplusplus, pychopper, porechop, pycoqc, minionqc, anglerfish, multivcfanalyzer, clusterflow, checkqc, bcl2fastq, bclconvert, interop, ivar, flash, seqyclean, optitype, whatshap
[2024-01-12 01:06:12,415] multiqc                                            [DEBUG  ]  Using temporary directory for creating report: /tmp/tmpsckymiva
[2024-01-12 01:06:12,669] multiqc                                            [INFO   ]  Search path : /home/ute/Documents/bioinformatic_analyses/2024-01_Lys/work/80/3badfaf90d4540b3da7890731f952b
[2024-01-12 01:06:12,901] multiqc                                            [DEBUG  ]  Summary of files that were skipped by the search: [skipped_module_specific_max_filesize: 29] // [skipped_no_match: 8]
[2024-01-12 01:06:13,375] multiqc.plots.bargraph                             [DEBUG  ]  Using matplotlib version 3.6.2
[2024-01-12 01:06:13,376] multiqc.plots.linegraph                            [DEBUG  ]  Using matplotlib version 3.6.2
[2024-01-12 01:06:13,394] multiqc.modules.custom_content.custom_content      [INFO   ]  nf-core-crispriscreen-methods-description: Found 1 sample (html)
[2024-01-12 01:06:13,394] multiqc.modules.custom_content.custom_content      [INFO   ]  software_versions: Found 1 sample (html)
[2024-01-12 01:06:13,394] multiqc.modules.custom_content.custom_content      [INFO   ]  nf-core-crispriscreen-summary: Found 1 sample (html)
[2024-01-12 01:06:13,401] multiqc.modules.featureCounts.feature_counts       [INFO   ]  Found 8 reports
[2024-01-12 01:06:15,072] multiqc.modules.cutadapt.cutadapt                  [INFO   ]  Found 8 reports
[2024-01-12 01:06:19,208] multiqc.modules.fastqc.fastqc                      [INFO   ]  Found 8 reports
[2024-01-12 01:06:29,256] multiqc                                            [DEBUG  ]  Reordering sections: anchor 'nf-core-crispriscreen-methods-description' not found for module 'featureCounts'.
[2024-01-12 01:06:29,256] multiqc                                            [DEBUG  ]  Reordering sections: anchor 'software_versions' not found for module 'featureCounts'.
[2024-01-12 01:06:29,256] multiqc                                            [DEBUG  ]  Reordering sections: anchor 'nf-core-crispriscreen-summary' not found for module 'featureCounts'.
[2024-01-12 01:06:29,256] multiqc                                            [DEBUG  ]  Reordering sections: anchor 'nf-core-crispriscreen-methods-description' not found for module 'Cutadapt'.
[2024-01-12 01:06:29,256] multiqc                                            [DEBUG  ]  Reordering sections: anchor 'software_versions' not found for module 'Cutadapt'.
[2024-01-12 01:06:29,256] multiqc                                            [DEBUG  ]  Reordering sections: anchor 'nf-core-crispriscreen-summary' not found for module 'Cutadapt'.
[2024-01-12 01:06:29,256] multiqc                                            [DEBUG  ]  Reordering sections: anchor 'nf-core-crispriscreen-methods-description' not found for module 'FastQC'.
[2024-01-12 01:06:29,256] multiqc                                            [DEBUG  ]  Reordering sections: anchor 'software_versions' not found for module 'FastQC'.
[2024-01-12 01:06:29,256] multiqc                                            [DEBUG  ]  Reordering sections: anchor 'nf-core-crispriscreen-summary' not found for module 'FastQC'.
[2024-01-12 01:06:29,257] multiqc                                            [DEBUG  ]  Reordering sections: anchor 'nf-core-crispriscreen-methods-description' not found for module 'nf-core/crispriscreen Methods Description'.
[2024-01-12 01:06:29,257] multiqc                                            [DEBUG  ]  Reordering sections: anchor 'software_versions' not found for module 'nf-core/crispriscreen Methods Description'.
[2024-01-12 01:06:29,257] multiqc                                            [DEBUG  ]  Reordering sections: anchor 'nf-core-crispriscreen-summary' not found for module 'nf-core/crispriscreen Methods Description'.
[2024-01-12 01:06:29,257] multiqc                                            [DEBUG  ]  Reordering sections: anchor 'nf-core-crispriscreen-methods-description' not found for module 'nf-core/crispriscreen Software Versions'.
[2024-01-12 01:06:29,257] multiqc                                            [DEBUG  ]  Reordering sections: anchor 'software_versions' not found for module 'nf-core/crispriscreen Software Versions'.
[2024-01-12 01:06:29,257] multiqc                                            [DEBUG  ]  Reordering sections: anchor 'nf-core-crispriscreen-summary' not found for module 'nf-core/crispriscreen Software Versions'.
[2024-01-12 01:06:29,257] multiqc                                            [DEBUG  ]  Reordering sections: anchor 'nf-core-crispriscreen-methods-description' not found for module 'nf-core/crispriscreen Workflow Summary'.
[2024-01-12 01:06:29,257] multiqc                                            [DEBUG  ]  Reordering sections: anchor 'software_versions' not found for module 'nf-core/crispriscreen Workflow Summary'.
[2024-01-12 01:06:29,257] multiqc                                            [DEBUG  ]  Reordering sections: anchor 'nf-core-crispriscreen-summary' not found for module 'nf-core/crispriscreen Workflow Summary'.
[2024-01-12 01:06:29,277] multiqc                                            [INFO   ]  Compressing plot data
[2024-01-12 01:06:29,412] multiqc                                            [INFO   ]  Report      : multiqc_report.html
[2024-01-12 01:06:29,412] multiqc                                            [INFO   ]  Data        : multiqc_data
[2024-01-12 01:06:29,412] multiqc                                            [DEBUG  ]  Moving data file from '/tmp/tmpsckymiva/multiqc_data' to '/home/ute/Documents/bioinformatic_analyses/2024-01_Lys/work/80/3badfaf90d4540b3da7890731f952b/multiqc_data'
[2024-01-12 01:06:29,416] multiqc                                            [INFO   ]  Plots       : multiqc_plots
[2024-01-12 01:06:29,416] multiqc                                            [DEBUG  ]  Moving plots directory from '/tmp/tmpsckymiva/multiqc_plots' to '/home/ute/Documents/bioinformatic_analyses/2024-01_Lys/work/80/3badfaf90d4540b3da7890731f952b/multiqc_plots'
[2024-01-12 01:06:29,530] multiqc                                            [INFO   ]  MultiQC complete
