This is cutadapt 3.4 with Python 3.9.2
Command line parameters: --cores 5 -a ^CAGTGATAGAGATACTGGGAGCTA...GTTTTAGAGCTAGAAATAGCAAGTTAAAATAAGGC -e 0.1 -o BG11_control_t0_r2_T1.trim.fastq.gz BG11_control_t0_r2_T1_trimmed.fq.gz
Processing reads on 5 cores in single-end mode ...
Finished in 61.73 s (7 µs/read; 8.75 M reads/minute).

=== Summary ===

Total reads processed:               9,006,375
Reads with adapters:                 8,981,273 (99.7%)
Reads written (passing filters):     9,006,375 (100.0%)

Total basepairs processed:   707,112,945 bp
Total written (filtered):    184,443,277 bp (26.1%)

=== Adapter 3 ===

Sequence: CAGTGATAGAGATACTGGGAGCTA...GTTTTAGAGCTAGAAATAGCAAGTTAAAATAAGGC; Type: linked; Length: 24+35; 5' trimmed: 8981273 times; 3' trimmed: 8812612 times


No. of allowed errors: 2

No. of allowed errors:
1-9 bp: 0; 10-19 bp: 1; 20-29 bp: 2; 30-35 bp: 3

Overview of removed sequences at 5' end
length	count	expect	max.err	error counts
22	55574	0.0	2	0 0 55574
23	585637	0.0	2	0 571166 14471
24	8298829	0.0	2	8140812 152003 6014
25	30146	0.0	2	0 28973 1173
26	11087	0.0	2	0 0 11087



Overview of removed sequences at 3' end
length	count	expect	max.err	error counts
3	2123	140724.6	0	2123
4	1922	35181.2	0	1922
5	2099	8795.3	0	2099
6	439	2198.8	0	439
7	34	549.7	0	34
8	14	137.4	0	14
9	35	34.4	0	32 3
10	87	8.6	1	23 64
11	66	2.1	1	59 7
12	7	0.5	1	2 5
14	6	0.0	1	5 1
15	7	0.0	1	4 3
16	88	0.0	1	23 65
17	78	0.0	1	40 38
18	178	0.0	1	58 118 2
19	14	0.0	1	4 10
20	30	0.0	2	16 11 3
21	39	0.0	2	26 12 1
22	32	0.0	2	14 3 15
23	29	0.0	2	10 8 11
24	54	0.0	2	9 23 22
25	68	0.0	2	25 18 25
26	313	0.0	2	188 86 39
27	113	0.0	2	35 40 36 2
28	365	0.0	2	77 151 121 16
29	4598	0.0	2	2210 1255 772 361
30	3024	0.0	3	1353 733 519 419
31	5965	0.0	3	1155 1973 1625 1212
32	33473	0.0	3	8173 7744 5368 12188
33	122847	0.0	3	20121 17211 77513 8002
34	873724	0.0	3	79683 742284 41875 9882
35	7718261	0.0	3	7161964 479763 61129 15405
36	15637	0.0	3	1107 12540 1662 328
37	272	0.0	3	105 20 69 78
38	56	0.0	3	10 1 7 38
39	33	0.0	3	8 7 5 13
40	22	0.0	3	9 3 5 5
41	17	0.0	3	5 2 4 6
42	19	0.0	3	10 3 4 2
43	116	0.0	3	19 24 35 38
44	116	0.0	3	12 21 36 47
45	20	0.0	3	5 2 9 4
46	25	0.0	3	7 5 3 10
47	18	0.0	3	4 2 4 8
48	19	0.0	3	5 2 7 5
49	33	0.0	3	2 4 10 17
50	52	0.0	3	7 9 19 17
51	73	0.0	3	11 18 19 25
52	96	0.0	3	10 15 34 37
53	43	0.0	3	9 5 17 12
54	29	0.0	3	4 7 6 12
55	16	0.0	3	1 1 6 8
56	41	0.0	3	7 7 14 13
57	19	0.0	3	3 6 3 7
58	80	0.0	3	7 19 20 34
59	264	0.0	3	33 76 66 89
60	282	0.0	3	43 45 74 120
61	252	0.0	3	110 27 51 64
62	1340	0.0	3	138 258 435 509
63	1278	0.0	3	147 211 463 457
64	2520	0.0	3	557 503 751 709
65	2921	0.0	3	1506 299 580 536
66	2828	0.0	3	684 435 895 814
67	3595	0.0	3	1073 568 947 1007
68	4220	0.0	3	1448 584 968 1220
69	4345	0.0	3	1199 566 1009 1571
70	1354	0.0	3	497 145 474 238
71	293	0.0	3	130 50 73 40
72	120	0.0	3	86 7 24 3
73	11	0.0	3	0 1 7 3
74	2	0.0	3	0 0 0 2
75	2	0.0	3	0 1 1
76	1	0.0	3	0 0 1
