This is cutadapt 3.4 with Python 3.9.2
Command line parameters: --cores 5 -a ^CAGTGATAGAGATACTGGGAGCTA...GTTTTAGAGCTAGAAATAGCAAGTTAAAATAAGGC -e 0.1 -o BG11_control_t8_r1_T1.trim.fastq.gz BG11_control_t8_r1_T1_trimmed.fq.gz
Processing reads on 5 cores in single-end mode ...
Finished in 49.51 s (7 µs/read; 8.80 M reads/minute).

=== Summary ===

Total reads processed:               7,259,427
Reads with adapters:                 7,236,832 (99.7%)
Reads written (passing filters):     7,259,427 (100.0%)

Total basepairs processed:   569,527,374 bp
Total written (filtered):    148,933,911 bp (26.2%)

=== Adapter 3 ===

Sequence: CAGTGATAGAGATACTGGGAGCTA...GTTTTAGAGCTAGAAATAGCAAGTTAAAATAAGGC; Type: linked; Length: 24+35; 5' trimmed: 7236832 times; 3' trimmed: 7088274 times


No. of allowed errors: 2

No. of allowed errors:
1-9 bp: 0; 10-19 bp: 1; 20-29 bp: 2; 30-35 bp: 3

Overview of removed sequences at 5' end
length	count	expect	max.err	error counts
22	50412	0.0	2	0 0 50412
23	513053	0.0	2	0 500354 12699
24	6638420	0.0	2	6510777 122444 5199
25	25645	0.0	2	0 24551 1094
26	9302	0.0	2	0 0 9302



Overview of removed sequences at 3' end
length	count	expect	max.err	error counts
3	1413	113428.5	0	1413
4	1363	28357.1	0	1363
5	1378	7089.3	0	1378
6	395	1772.3	0	395
7	14	443.1	0	14
8	25	110.8	0	25
9	25	27.7	0	21 4
10	78	6.9	1	22 56
11	61	1.7	1	55 6
12	4	0.4	1	1 3
13	1	0.1	1	1
14	8	0.0	1	7 1
15	5	0.0	1	4 1
16	25	0.0	1	8 17
17	62	0.0	1	27 35
18	195	0.0	1	74 121
19	14	0.0	1	5 8 1
20	27	0.0	2	20 5 2
21	29	0.0	2	24 5
22	26	0.0	2	6 13 7
23	21	0.0	2	7 5 9
24	43	0.0	2	11 16 16
25	70	0.0	2	32 11 27
26	272	0.0	2	152 79 41
27	99	0.0	2	38 30 31
28	357	0.0	2	45 178 125 9
29	4000	0.0	2	1950 1038 740 272
30	2889	0.0	3	1326 714 440 409
31	5139	0.0	3	1023 1652 1373 1091
32	28346	0.0	3	6662 6431 4642 10611
33	103829	0.0	3	16881 14649 65347 6952
34	729363	0.0	3	66076 619301 35593 8393
35	6175486	0.0	3	5712068 398057 52021 13340
36	12749	0.0	3	919 10255 1330 245
37	264	0.0	3	117 15 74 58
38	47	0.0	3	8 1 11 27
39	29	0.0	3	7 1 7 14
40	23	0.0	3	13 0 2 8
41	14	0.0	3	6 0 1 7
42	27	0.0	3	13 5 4 5
43	117	0.0	3	21 26 31 39
44	100	0.0	3	8 25 34 33
45	18	0.0	3	3 3 3 9
46	16	0.0	3	2 4 4 6
47	15	0.0	3	2 6 1 6
48	13	0.0	3	2 1 4 6
49	39	0.0	3	11 5 8 15
50	49	0.0	3	3 11 20 15
51	71	0.0	3	10 14 25 22
52	93	0.0	3	10 17 19 47
53	36	0.0	3	11 5 13 7
54	28	0.0	3	9 4 3 12
55	13	0.0	3	5 2 0 6
56	34	0.0	3	2 5 9 18
57	25	0.0	3	5 3 6 11
58	66	0.0	3	8 15 18 25
59	252	0.0	3	32 45 79 96
60	263	0.0	3	34 47 57 125
61	184	0.0	3	57 21 38 68
62	1089	0.0	3	88 214 324 463
63	1022	0.0	3	114 192 350 366
64	1969	0.0	3	325 421 606 617
65	2085	0.0	3	962 267 427 429
66	2167	0.0	3	495 314 671 687
67	2749	0.0	3	824 425 734 766
68	3198	0.0	3	969 477 748 1004
69	3192	0.0	3	758 456 774 1204
70	881	0.0	3	306 106 274 195
71	197	0.0	3	107 24 33 33
72	67	0.0	3	37 8 18 4
73	5	0.0	3	1 1 3
74	3	0.0	3	0 1 0 2
79	2	0.0	3	0 0 0 2
80	1	0.0	3	0 0 1
