This is cutadapt 3.4 with Python 3.9.2
Command line parameters: --cores 5 -a ^CAGTGATAGAGATACTGGGAGCTA...GTTTTAGAGCTAGAAATAGCAAGTTAAAATAAGGC -e 0.1 -o BG11_control_t8_r2_T1.trim.fastq.gz BG11_control_t8_r2_T1_trimmed.fq.gz
Processing reads on 5 cores in single-end mode ...
Finished in 59.29 s (7 µs/read; 8.89 M reads/minute).

=== Summary ===

Total reads processed:               8,784,036
Reads with adapters:                 8,758,388 (99.7%)
Reads written (passing filters):     8,784,036 (100.0%)

Total basepairs processed:   688,959,031 bp
Total written (filtered):    179,486,150 bp (26.1%)

=== Adapter 3 ===

Sequence: CAGTGATAGAGATACTGGGAGCTA...GTTTTAGAGCTAGAAATAGCAAGTTAAAATAAGGC; Type: linked; Length: 24+35; 5' trimmed: 8758388 times; 3' trimmed: 8590976 times


No. of allowed errors: 2

No. of allowed errors:
1-9 bp: 0; 10-19 bp: 1; 20-29 bp: 2; 30-35 bp: 3

Overview of removed sequences at 5' end
length	count	expect	max.err	error counts
22	61307	0.0	2	0 0 61307
23	616372	0.0	2	0 601300 15072
24	8038920	0.0	2	7887779 144968 6173
25	30683	0.0	2	0 29338 1345
26	11106	0.0	2	0 0 11106



Overview of removed sequences at 3' end
length	count	expect	max.err	error counts
3	1560	137250.6	0	1560
4	1532	34312.6	0	1532
5	1673	8578.2	0	1673
6	444	2144.5	0	444
7	27	536.1	0	27
8	18	134.0	0	18
9	34	33.5	0	33 1
10	51	8.4	1	16 35
11	39	2.1	1	32 7
12	4	0.5	1	1 3
13	3	0.1	1	2 1
14	11	0.0	1	10 1
15	7	0.0	1	4 3
16	26	0.0	1	6 20
17	58	0.0	1	34 24
18	203	0.0	1	70 133
19	15	0.0	1	7 8
20	16	0.0	2	7 6 3
21	47	0.0	2	35 8 4
22	19	0.0	2	8 9 2
23	24	0.0	2	9 11 4
24	45	0.0	2	15 16 14
25	91	0.0	2	38 14 39
26	325	0.0	2	190 93 42
27	114	0.0	2	36 39 38 1
28	372	0.0	2	61 161 122 28
29	4657	0.0	2	2313 1247 781 316
30	3288	0.0	3	1533 803 509 443
31	5702	0.0	3	1157 1757 1575 1213
32	32201	0.0	3	7580 7385 5116 12120
33	120471	0.0	3	18884 16353 77318 7916
34	853406	0.0	3	73626 728253 41843 9684
35	7526024	0.0	3	6980821 469651 60286 15266
36	15399	0.0	3	1164 12288 1633 314
37	258	0.0	3	100 19 92 47
38	70	0.0	3	14 7 7 42
39	44	0.0	3	9 9 12 14
40	33	0.0	3	15 4 7 7
41	16	0.0	3	9 3 2 2
42	29	0.0	3	8 7 6 8
43	147	0.0	3	19 34 34 60
44	105	0.0	3	9 20 37 39
45	18	0.0	3	6 5 5 2
46	20	0.0	3	8 1 7 4
47	8	0.0	3	2 1 1 4
48	18	0.0	3	3 3 8 4
49	40	0.0	3	3 4 9 24
50	50	0.0	3	5 7 22 16
51	104	0.0	3	10 14 44 36
52	139	0.0	3	20 26 38 55
53	22	0.0	3	5 6 5 6
54	52	0.0	3	11 11 16 14
55	33	0.0	3	6 6 14 7
56	40	0.0	3	9 5 10 16
57	26	0.0	3	4 2 4 16
58	106	0.0	3	19 23 33 31
59	255	0.0	3	22 49 83 101
60	354	0.0	3	35 59 117 143
61	204	0.0	3	60 28 42 74
62	1092	0.0	3	122 222 309 439
63	1144	0.0	3	113 218 368 445
64	2088	0.0	3	362 471 603 652
65	2369	0.0	3	1077 318 496 478
66	2316	0.0	3	482 337 778 719
67	3147	0.0	3	919 469 895 864
68	3642	0.0	3	1112 516 850 1164
69	3719	0.0	3	826 510 900 1483
70	1028	0.0	3	393 118 308 209
71	250	0.0	3	124 40 49 37
72	74	0.0	3	45 4 19 6
73	7	0.0	3	2 0 2 3
74	2	0.0	3	2
75	1	0.0	3	0 0 0 1
