This is cutadapt 3.4 with Python 3.9.2
Command line parameters: --cores 5 -a ^CAGTGATAGAGATACTGGGAGCTA...GTTTTAGAGCTAGAAATAGCAAGTTAAAATAAGGC -e 0.1 -o Lys_t0_r2_T1.trim.fastq.gz Lys_t0_r2_T1_trimmed.fq.gz
Processing reads on 5 cores in single-end mode ...
Finished in 93.53 s (10 µs/read; 5.93 M reads/minute).

=== Summary ===

Total reads processed:               9,241,845
Reads with adapters:                 9,214,501 (99.7%)
Reads written (passing filters):     9,241,845 (100.0%)

Total basepairs processed:   725,876,193 bp
Total written (filtered):    189,991,929 bp (26.2%)

=== Adapter 3 ===

Sequence: CAGTGATAGAGATACTGGGAGCTA...GTTTTAGAGCTAGAAATAGCAAGTTAAAATAAGGC; Type: linked; Length: 24+35; 5' trimmed: 9214501 times; 3' trimmed: 9032862 times


No. of allowed errors: 2

No. of allowed errors:
1-9 bp: 0; 10-19 bp: 1; 20-29 bp: 2; 30-35 bp: 3

Overview of removed sequences at 5' end
length	count	expect	max.err	error counts
22	57364	0.0	2	0 0 57364
23	613157	0.0	2	0 598212 14945
24	8501336	0.0	2	8336172 158990 6174
25	31364	0.0	2	0 30109 1255
26	11280	0.0	2	0 0 11280



Overview of removed sequences at 3' end
length	count	expect	max.err	error counts
3	2517	144403.8	0	2517
4	2353	36101.0	0	2353
5	2673	9025.2	0	2673
6	676	2256.3	0	676
7	40	564.1	0	40
8	46	141.0	0	46
9	93	35.3	0	86 7
10	106	8.8	1	37 69
11	114	2.2	1	105 9
12	2	0.6	1	0 2
13	3	0.1	1	3
14	42	0.0	1	38 4
15	5	0.0	1	2 3
16	45	0.0	1	9 36
17	105	0.0	1	51 54
18	264	0.0	1	119 145
19	12	0.0	1	2 9 1
20	38	0.0	2	22 10 6
21	46	0.0	2	40 5 1
22	14	0.0	2	6 3 5
23	19	0.0	2	6 7 6
24	47	0.0	2	13 23 11
25	78	0.0	2	22 17 39
26	334	0.0	2	199 81 54
27	107	0.0	2	27 52 26 2
28	375	0.0	2	58 164 127 26
29	4770	0.0	2	2102 1326 896 446
30	3639	0.0	3	1638 942 575 484
31	6174	0.0	3	1369 1966 1616 1223
32	33355	0.0	3	8120 7669 5397 12169
33	125194	0.0	3	21028 18150 77685 8331
34	890701	0.0	3	86553 750726 42883 10539
35	7915261	0.0	3	7348581 488324 61784 16572
36	16076	0.0	3	1166 12989 1573 348
37	307	0.0	3	126 21 88 72
38	69	0.0	3	9 2 12 46
39	29	0.0	3	8 2 6 13
40	40	0.0	3	18 1 12 9
41	18	0.0	3	6 4 7 1
42	27	0.0	3	14 3 6 4
43	113	0.0	3	15 20 29 49
44	129	0.0	3	14 20 46 49
45	28	0.0	3	13 4 6 5
46	21	0.0	3	3 4 5 9
47	20	0.0	3	2 1 5 12
48	18	0.0	3	4 3 7 4
49	40	0.0	3	8 5 11 16
50	45	0.0	3	8 7 16 14
51	78	0.0	3	7 16 25 30
52	138	0.0	3	19 22 35 62
53	39	0.0	3	8 10 10 11
54	44	0.0	3	3 8 12 21
55	29	0.0	3	2 4 13 10
56	83	0.0	3	10 15 19 39
57	26	0.0	3	7 3 7 9
58	123	0.0	3	15 19 41 48
59	232	0.0	3	24 45 66 97
60	359	0.0	3	35 61 103 160
61	295	0.0	3	115 20 57 103
62	1106	0.0	3	136 176 314 480
63	1351	0.0	3	164 231 453 503
64	2405	0.0	3	513 458 742 692
65	3312	0.0	3	1755 336 636 585
66	2960	0.0	3	648 353 1021 938
67	3668	0.0	3	1130 579 1023 936
68	3673	0.0	3	1592 475 729 877
69	3688	0.0	3	1295 428 832 1133
70	2422	0.0	3	704 359 770 589
71	431	0.0	3	194 59 107 71
72	156	0.0	3	96 13 34 13
73	11	0.0	3	4 1 2 4
74	4	0.0	3	1 0 1 2
77	1	0.0	3	0 0 0 1
