This is cutadapt 3.4 with Python 3.9.2
Command line parameters: --cores 5 -a ^CAGTGATAGAGATACTGGGAGCTA...GTTTTAGAGCTAGAAATAGCAAGTTAAAATAAGGC -e 0.1 -o Lys_t0_r1_T1.trim.fastq.gz Lys_t0_r1_T1_trimmed.fq.gz
Processing reads on 5 cores in single-end mode ...
Finished in 59.45 s (7 µs/read; 8.77 M reads/minute).

=== Summary ===

Total reads processed:               8,692,531
Reads with adapters:                 8,670,124 (99.7%)
Reads written (passing filters):     8,692,531 (100.0%)

Total basepairs processed:   682,880,289 bp
Total written (filtered):    178,801,205 bp (26.2%)

=== Adapter 3 ===

Sequence: CAGTGATAGAGATACTGGGAGCTA...GTTTTAGAGCTAGAAATAGCAAGTTAAAATAAGGC; Type: linked; Length: 24+35; 5' trimmed: 8670124 times; 3' trimmed: 8493783 times


No. of allowed errors: 2

No. of allowed errors:
1-9 bp: 0; 10-19 bp: 1; 20-29 bp: 2; 30-35 bp: 3

Overview of removed sequences at 5' end
length	count	expect	max.err	error counts
22	51081	0.0	2	0 0 51081
23	549937	0.0	2	0 536590 13347
24	8029806	0.0	2	7879545 144726 5535
25	28760	0.0	2	0 27650 1110
26	10540	0.0	2	0 0 10540



Overview of removed sequences at 3' end
length	count	expect	max.err	error counts
3	2466	135820.8	0	2466
4	2101	33955.2	0	2101
5	2517	8488.8	0	2517
6	617	2122.2	0	617
7	44	530.5	0	44
8	27	132.6	0	27
9	78	33.2	0	68 10
10	112	8.3	1	20 92
11	68	2.1	1	52 16
12	8	0.5	1	5 3
13	3	0.1	1	2 1
14	19	0.0	1	15 4
15	15	0.0	1	7 8
16	108	0.0	1	38 70
17	99	0.0	1	49 50
18	268	0.0	1	75 192 1
19	17	0.0	1	4 12 1
20	29	0.0	2	18 7 4
21	52	0.0	2	34 15 3
22	30	0.0	2	12 10 8
23	32	0.0	2	11 11 10
24	47	0.0	2	4 25 18
25	85	0.0	2	39 21 25
26	332	0.0	2	179 96 57
27	104	0.0	2	32 37 35
28	446	0.0	2	68 206 147 25
29	5077	0.0	2	2401 1378 904 394
30	3354	0.0	3	1581 816 548 409
31	6108	0.0	3	1317 1921 1660 1210
32	33282	0.0	3	8197 7979 5492 11614
33	120957	0.0	3	21192 18713 73274 7778
34	847642	0.0	3	92043 705405 40505 9689
35	7425382	0.0	3	6897059 456472 57170 14681
36	14960	0.0	3	1028 12094 1494 344
37	307	0.0	3	134 16 95 62
38	70	0.0	3	13 4 13 40
39	43	0.0	3	8 9 9 17
40	35	0.0	3	13 4 6 12
41	15	0.0	3	5 1 2 7
42	18	0.0	3	4 4 4 6
43	98	0.0	3	23 15 32 28
44	111	0.0	3	20 20 30 41
45	26	0.0	3	15 1 5 5
46	26	0.0	3	3 5 5 13
47	8	0.0	3	0 2 1 5
48	16	0.0	3	4 2 6 4
49	38	0.0	3	1 10 5 22
50	54	0.0	3	11 7 16 20
51	75	0.0	3	8 16 23 28
52	123	0.0	3	17 16 46 44
53	36	0.0	3	9 4 9 14
54	43	0.0	3	8 5 12 18
55	29	0.0	3	6 3 11 9
56	92	0.0	3	8 17 25 42
57	34	0.0	3	6 4 6 18
58	119	0.0	3	10 14 42 53
59	299	0.0	3	32 65 99 103
60	373	0.0	3	44 63 104 162
61	289	0.0	3	102 24 67 96
62	1160	0.0	3	125 225 340 470
63	1439	0.0	3	167 245 469 558
64	2567	0.0	3	505 505 768 789
65	3152	0.0	3	1646 340 622 544
66	3117	0.0	3	674 431 1013 999
67	3847	0.0	3	1067 584 1062 1134
68	3472	0.0	3	1237 479 791 965
69	3744	0.0	3	1284 464 842 1154
70	1914	0.0	3	638 230 639 407
71	356	0.0	3	128 50 116 62
72	142	0.0	3	77 13 37 15
73	7	0.0	3	2 0 4 1
74	2	0.0	3	0 0 0 2
75	1	0.0	3	0 0 1
