This is cutadapt 3.4 with Python 3.9.2
Command line parameters: --cores 5 -a ^CAGTGATAGAGATACTGGGAGCTA...GTTTTAGAGCTAGAAATAGCAAGTTAAAATAAGGC -e 0.1 -o Lys_t8_r2_T1.trim.fastq.gz Lys_t8_r2_T1_trimmed.fq.gz
Processing reads on 5 cores in single-end mode ...
Finished in 61.79 s (7 µs/read; 8.78 M reads/minute).

=== Summary ===

Total reads processed:               9,044,647
Reads with adapters:                 9,016,755 (99.7%)
Reads written (passing filters):     9,044,647 (100.0%)

Total basepairs processed:   708,763,961 bp
Total written (filtered):    184,448,489 bp (26.0%)

=== Adapter 3 ===

Sequence: CAGTGATAGAGATACTGGGAGCTA...GTTTTAGAGCTAGAAATAGCAAGTTAAAATAAGGC; Type: linked; Length: 24+35; 5' trimmed: 9016755 times; 3' trimmed: 8838098 times


No. of allowed errors: 2

No. of allowed errors:
1-9 bp: 0; 10-19 bp: 1; 20-29 bp: 2; 30-35 bp: 3

Overview of removed sequences at 5' end
length	count	expect	max.err	error counts
22	60354	0.0	2	0 0 60354
23	623263	0.0	2	0 608206 15057
24	8290021	0.0	2	8134156 149936 5929
25	27149	0.0	2	0 25848 1301
26	15968	0.0	2	0 0 15968



Overview of removed sequences at 3' end
length	count	expect	max.err	error counts
3	1134	141322.6	0	1134
4	1661	35330.7	0	1661
5	1567	8832.7	0	1567
6	677	2208.2	0	677
7	40	552.0	0	40
8	38	138.0	0	38
9	87	34.5	0	81 6
10	52	8.6	1	13 39
11	42	2.2	1	35 7
12	2	0.5	1	1 1
13	6	0.1	1	6
14	10	0.0	1	10
15	7	0.0	1	2 5
16	34	0.0	1	14 20
17	98	0.0	1	43 55
18	300	0.0	1	112 188
19	7	0.0	1	1 6
20	24	0.0	2	10 11 3
21	57	0.0	2	48 6 3
22	30	0.0	2	13 5 12
23	38	0.0	2	9 16 13
24	45	0.0	2	15 16 14
25	84	0.0	2	28 17 39
26	310	0.0	2	169 101 40
27	120	0.0	2	35 51 32 2
28	327	0.0	2	46 149 110 22
29	4850	0.0	2	2271 1301 868 410
30	3816	0.0	3	1781 935 594 506
31	6313	0.0	3	1505 1852 1690 1266
32	32949	0.0	3	8232 7628 5542 11547
33	114921	0.0	3	21255 17637 68170 7859
34	816274	0.0	3	88556 678657 39178 9883
35	7816111	0.0	3	7300173 443368 56097 16473
36	14524	0.0	3	1125 11783 1308 308
37	279	0.0	3	114 18 89 58
38	87	0.0	3	8 4 10 65
39	43	0.0	3	12 7 11 13
40	23	0.0	3	10 3 4 6
41	23	0.0	3	9 2 4 8
42	21	0.0	3	11 6 2 2
43	120	0.0	3	14 24 29 53
44	122	0.0	3	22 24 33 43
45	26	0.0	3	8 5 8 5
46	20	0.0	3	2 4 7 7
47	13	0.0	3	0 3 2 8
48	20	0.0	3	7 5 2 6
49	42	0.0	3	5 7 8 22
50	47	0.0	3	6 9 12 20
51	72	0.0	3	9 12 18 33
52	151	0.0	3	18 25 43 65
53	47	0.0	3	5 6 14 22
54	54	0.0	3	8 7 15 24
55	24	0.0	3	1 0 8 15
56	44	0.0	3	5 6 15 18
57	23	0.0	3	5 2 5 11
58	109	0.0	3	7 24 28 50
59	248	0.0	3	25 45 73 105
60	362	0.0	3	39 56 107 160
61	250	0.0	3	119 23 47 61
62	978	0.0	3	92 180 312 394
63	1171	0.0	3	133 219 349 470
64	1982	0.0	3	311 349 615 707
65	2258	0.0	3	1000 293 501 464
66	2221	0.0	3	435 342 705 739
67	2869	0.0	3	773 463 762 871
68	2787	0.0	3	935 400 604 848
69	2617	0.0	3	742 350 647 878
70	1986	0.0	3	536 321 554 575
71	297	0.0	3	108 41 82 66
72	94	0.0	3	35 13 29 17
73	10	0.0	3	0 4 4 2
74	3	0.0	3	0 0 1 2
